Using pre-set license
Built from '2020.3/staging' branch; Version is '2020.3.38f1 (8f5fde82e2dc) revision 9396190'; Using compiler version '192528614'; Build Type 'Release'
OS: 'Windows 10  (10.0.19044) 64bit Professional' Language: 'en' Physical Memory: 16260 MB
BatchMode: 1, IsHumanControllingUs: 0, StartBugReporterOnCrash: 0, Is64bit: 1, IsPro: 0

COMMAND LINE ARGUMENTS:
C:\Program Files\Unity\Hub\Editor\2020.3.38f1\Editor\Unity.exe
-adb2
-batchMode
-noUpm
-name
AssetImportWorker0
-projectPath
D:/Work Related/Unity/Unity Projects/MonsterMuncher
-logFile
Logs/AssetImportWorker0.log
-srvPort
64688
Successfully changed project path to: D:/Work Related/Unity/Unity Projects/MonsterMuncher
D:/Work Related/Unity/Unity Projects/MonsterMuncher
Using Asset Import Pipeline V2.
Refreshing native plugins compatible for Editor in 47.72 ms, found 2 plugins.
Preloading 0 native plugins for Editor in 0.00 ms.
Initialize engine version: 2020.3.38f1 (8f5fde82e2dc)
[Subsystems] Discovering subsystems at path C:/Program Files/Unity/Hub/Editor/2020.3.38f1/Editor/Data/Resources/UnitySubsystems
[Subsystems] Discovering subsystems at path D:/Work Related/Unity/Unity Projects/MonsterMuncher/Assets
GfxDevice: creating device client; threaded=0
Direct3D:
    Version:  Direct3D 11.0 [level 11.1]
    Renderer: NVIDIA GeForce RTX 3070 (ID=0x2488)
    Vendor:   
    VRAM:     8031 MB
    Driver:   31.0.15.2686
Initialize mono
Mono path[0] = 'C:/Program Files/Unity/Hub/Editor/2020.3.38f1/Editor/Data/Managed'
Mono path[1] = 'C:/Program Files/Unity/Hub/Editor/2020.3.38f1/Editor/Data/MonoBleedingEdge/lib/mono/unityjit'
Mono config path = 'C:/Program Files/Unity/Hub/Editor/2020.3.38f1/Editor/Data/MonoBleedingEdge/etc'
Using monoOptions --debugger-agent=transport=dt_socket,embedding=1,server=y,suspend=n,address=127.0.0.1:56044
Begin MonoManager ReloadAssembly
Registering precompiled unity dll's ...
Register platform support module: C:/Program Files/Unity/Hub/Editor/2020.3.38f1/Editor/Data/PlaybackEngines/WindowsStandaloneSupport/UnityEditor.WindowsStandalone.Extensions.dll
Registered in 0.001410 seconds.
Native extension for WindowsStandalone target not found
Refreshing native plugins compatible for Editor in 50.63 ms, found 2 plugins.
Preloading 0 native plugins for Editor in 0.00 ms.
Mono: successfully reloaded assembly
- Completed reload, in  0.531 seconds
Domain Reload Profiling:
	ReloadAssembly (531ms)
		BeginReloadAssembly (56ms)
			ExecutionOrderSort (0ms)
			DisableScriptedObjects (0ms)
			BackupInstance (0ms)
			ReleaseScriptingObjects (0ms)
			CreateAndSetChildDomain (1ms)
		EndReloadAssembly (419ms)
			LoadAssemblies (54ms)
			RebuildTransferFunctionScriptingTraits (0ms)
			SetupTypeCache (127ms)
			ReleaseScriptCaches (0ms)
			RebuildScriptCaches (27ms)
			SetupLoadedEditorAssemblies (179ms)
				LogAssemblyErrors (0ms)
				InitializePlatformSupportModulesInManaged (4ms)
				SetLoadedEditorAssemblies (0ms)
				RefreshPlugins (51ms)
				BeforeProcessingInitializeOnLoad (15ms)
				ProcessInitializeOnLoadAttributes (78ms)
				ProcessInitializeOnLoadMethodAttributes (31ms)
				AfterProcessingInitializeOnLoad (0ms)
				EditorAssembliesLoaded (0ms)
			ExecutionOrderSort2 (0ms)
			AwakeInstancesAfterBackupRestoration (0ms)
Platform modules already initialized, skipping
Registering precompiled user dll's ...
Registered in 0.002510 seconds.
Begin MonoManager ReloadAssembly
Native extension for WindowsStandalone target not found
Refreshing native plugins compatible for Editor in 1.21 ms, found 2 plugins.
Preloading 0 native plugins for Editor in 0.00 ms.
Mono: successfully reloaded assembly
- Completed reload, in  1.133 seconds
Domain Reload Profiling:
	ReloadAssembly (1133ms)
		BeginReloadAssembly (153ms)
			ExecutionOrderSort (0ms)
			DisableScriptedObjects (7ms)
			BackupInstance (0ms)
			ReleaseScriptingObjects (0ms)
			CreateAndSetChildDomain (21ms)
		EndReloadAssembly (929ms)
			LoadAssemblies (104ms)
			RebuildTransferFunctionScriptingTraits (0ms)
			SetupTypeCache (281ms)
			ReleaseScriptCaches (1ms)
			RebuildScriptCaches (61ms)
			SetupLoadedEditorAssemblies (407ms)
				LogAssemblyErrors (0ms)
				InitializePlatformSupportModulesInManaged (5ms)
				SetLoadedEditorAssemblies (1ms)
				RefreshPlugins (1ms)
				BeforeProcessingInitializeOnLoad (106ms)
				ProcessInitializeOnLoadAttributes (210ms)
				ProcessInitializeOnLoadMethodAttributes (78ms)
				AfterProcessingInitializeOnLoad (5ms)
				EditorAssembliesLoaded (0ms)
			ExecutionOrderSort2 (0ms)
			AwakeInstancesAfterBackupRestoration (2ms)
Platform modules already initialized, skipping
========================================================================
Worker process is ready to serve import requests
Launched and connected shader compiler UnityShaderCompiler.exe after 0.03 seconds
Refreshing native plugins compatible for Editor in 0.64 ms, found 2 plugins.
Preloading 0 native plugins for Editor in 0.00 ms.
Unloading 2757 Unused Serialized files (Serialized files now loaded: 0)
System memory in use before: 111.3 MB.
System memory in use after: 111.5 MB.

Unloading 60 unused Assets to reduce memory usage. Loaded Objects now: 3177.
Total: 5.545100 ms (FindLiveObjects: 0.221300 ms CreateObjectMapping: 0.115200 ms MarkObjects: 5.138900 ms  DeleteObjects: 0.068900 ms)

AssetImportParameters requested are different than current active one (requested -> active):
  custom:framework-win-MediaFoundation: 216162199b28c13a410421893ffa2e32 -> 
  custom:video-decoder-ogg-theora: a1e56fd34408186e4bbccfd4996cb3dc -> 
  custom:container-muxer-webm: aa71ff27fc2769a1b78a27578f13a17b -> 
  custom:container-demuxer-webm: 4f35f7cbe854078d1ac9338744f61a02 -> 
  custom:container-demuxer-ogg: 62fdf1f143b41e24485cea50d1cbac27 -> 
  custom:video-encoder-webm-vp8: eb34c28f22e8b96e1ab97ce403110664 -> 
  custom:video-decoder-webm-vp8: 9c59270c3fd7afecdb556c50c9e8de78 -> 
  custom:audio-decoder-ogg-vorbis: bf7c407c2cedff20999df2af8eb42d56 -> 
  custom:audio-encoder-webm-vorbis: bf7c407c2cedff20999df2af8eb42d56 -> 
========================================================================
Received Prepare
Registering precompiled user dll's ...
Registered in 0.002422 seconds.
Begin MonoManager ReloadAssembly
Native extension for WindowsStandalone target not found
Refreshing native plugins compatible for Editor in 0.70 ms, found 2 plugins.
Preloading 0 native plugins for Editor in 0.00 ms.
Mono: successfully reloaded assembly
- Completed reload, in  0.944 seconds
Domain Reload Profiling:
	ReloadAssembly (945ms)
		BeginReloadAssembly (144ms)
			ExecutionOrderSort (0ms)
			DisableScriptedObjects (5ms)
			BackupInstance (0ms)
			ReleaseScriptingObjects (0ms)
			CreateAndSetChildDomain (49ms)
		EndReloadAssembly (751ms)
			LoadAssemblies (100ms)
			RebuildTransferFunctionScriptingTraits (0ms)
			SetupTypeCache (232ms)
			ReleaseScriptCaches (1ms)
			RebuildScriptCaches (39ms)
			SetupLoadedEditorAssemblies (329ms)
				LogAssemblyErrors (0ms)
				InitializePlatformSupportModulesInManaged (4ms)
				SetLoadedEditorAssemblies (0ms)
				RefreshPlugins (1ms)
				BeforeProcessingInitializeOnLoad (79ms)
				ProcessInitializeOnLoadAttributes (179ms)
				ProcessInitializeOnLoadMethodAttributes (60ms)
				AfterProcessingInitializeOnLoad (5ms)
				EditorAssembliesLoaded (0ms)
			ExecutionOrderSort2 (0ms)
			AwakeInstancesAfterBackupRestoration (2ms)
Platform modules already initialized, skipping
Refreshing native plugins compatible for Editor in 0.73 ms, found 2 plugins.
Preloading 0 native plugins for Editor in 0.00 ms.
Unloading 2726 Unused Serialized files (Serialized files now loaded: 0)
System memory in use before: 108.6 MB.
System memory in use after: 108.9 MB.

Unloading 51 unused Assets to reduce memory usage. Loaded Objects now: 3180.
Total: 4.847600 ms (FindLiveObjects: 0.198300 ms CreateObjectMapping: 0.119500 ms MarkObjects: 4.505800 ms  DeleteObjects: 0.023300 ms)

AssetImportParameters requested are different than current active one (requested -> active):
  custom:framework-win-MediaFoundation: 216162199b28c13a410421893ffa2e32 -> 
  custom:video-decoder-ogg-theora: a1e56fd34408186e4bbccfd4996cb3dc -> 
  custom:container-muxer-webm: aa71ff27fc2769a1b78a27578f13a17b -> 
  custom:container-demuxer-webm: 4f35f7cbe854078d1ac9338744f61a02 -> 
  custom:container-demuxer-ogg: 62fdf1f143b41e24485cea50d1cbac27 -> 
  custom:video-encoder-webm-vp8: eb34c28f22e8b96e1ab97ce403110664 -> 
  custom:video-decoder-webm-vp8: 9c59270c3fd7afecdb556c50c9e8de78 -> 
  custom:audio-decoder-ogg-vorbis: bf7c407c2cedff20999df2af8eb42d56 -> 
  custom:audio-encoder-webm-vorbis: bf7c407c2cedff20999df2af8eb42d56 -> 
========================================================================
Received Import Request.
  path: Assets/Scenes/SinglePlayer Game
  artifactKey: Guid(a4b80c199a5608f4e9a965bac9799315) Importer(815301076,1909f56bfc062723c751e8b465ee728b)
Start importing Assets/Scenes/SinglePlayer Game using Guid(a4b80c199a5608f4e9a965bac9799315) Importer(815301076,1909f56bfc062723c751e8b465ee728b)  -> (artifact id: '13fffd0ae9ef7f7e6ff3bcf69e5cdd6e') in 0.008886 seconds 
========================================================================
Received Import Request.
  Time since last request: 0.023195 seconds.
  path: Assets/Scenes/SinglePlayer Game/LightingData.asset
  artifactKey: Guid(ded9bc745a5476843b9858e33762052c) Importer(815301076,1909f56bfc062723c751e8b465ee728b)
Start importing Assets/Scenes/SinglePlayer Game/LightingData.asset using Guid(ded9bc745a5476843b9858e33762052c) Importer(815301076,1909f56bfc062723c751e8b465ee728b)  -> (artifact id: '79c472b2fe52872c5e5a07b47d2621ca') in 0.041806 seconds 
========================================================================
Received Import Request.
  Time since last request: 0.000155 seconds.
  path: Assets/Scenes/SinglePlayer Game/Lightmap-2_comp_dir.png
  artifactKey: Guid(25ed5382ea1a1524da43895f74ecddcc) Importer(815301076,1909f56bfc062723c751e8b465ee728b)
Start importing Assets/Scenes/SinglePlayer Game/Lightmap-2_comp_dir.png using Guid(25ed5382ea1a1524da43895f74ecddcc) Importer(815301076,1909f56bfc062723c751e8b465ee728b)  -> (artifact id: '71d067b8423ec097dbfa4307ca870e2a') in 0.062841 seconds 
========================================================================
Received Import Request.
  Time since last request: 0.000112 seconds.
  path: Assets/Scenes/SinglePlayer Game/Lightmap-4_comp_light.exr
  artifactKey: Guid(164dd67210ba6064690f77929ce4343e) Importer(815301076,1909f56bfc062723c751e8b465ee728b)
Start importing Assets/Scenes/SinglePlayer Game/Lightmap-4_comp_light.exr using Guid(164dd67210ba6064690f77929ce4343e) Importer(815301076,1909f56bfc062723c751e8b465ee728b)  -> (artifact id: '4d98ec55d1e6aaaa40acda5854c5c27c') in 0.027262 seconds 
========================================================================
Received Import Request.
  Time since last request: 0.000158 seconds.
  path: Assets/Scenes/SinglePlayer Game/Lightmap-1_comp_shadowmask.png
  artifactKey: Guid(e8bf077d9d89b7e47a67c77e3b9e34d4) Importer(815301076,1909f56bfc062723c751e8b465ee728b)
Start importing Assets/Scenes/SinglePlayer Game/Lightmap-1_comp_shadowmask.png using Guid(e8bf077d9d89b7e47a67c77e3b9e34d4) Importer(815301076,1909f56bfc062723c751e8b465ee728b)  -> (artifact id: 'a2bd472cab7194a7ce0820a235b806a6') in 0.011270 seconds 
========================================================================
Received Import Request.
  Time since last request: 0.000144 seconds.
  path: Assets/Scenes/SinglePlayer Game/Lightmap-2_comp_light.exr
  artifactKey: Guid(eac221380ea58c7499aa5bbb981416f0) Importer(815301076,1909f56bfc062723c751e8b465ee728b)
Start importing Assets/Scenes/SinglePlayer Game/Lightmap-2_comp_light.exr using Guid(eac221380ea58c7499aa5bbb981416f0) Importer(815301076,1909f56bfc062723c751e8b465ee728b)  -> (artifact id: '5764266af993ed23c273155ba700af6b') in 0.030227 seconds 
========================================================================
Received Import Request.
  Time since last request: 0.000094 seconds.
  path: Assets/Scenes/SinglePlayer Game/Lightmap-3_comp_dir.png
  artifactKey: Guid(4b3cfeda25b604f429cc716fcc252f50) Importer(815301076,1909f56bfc062723c751e8b465ee728b)
Start importing Assets/Scenes/SinglePlayer Game/Lightmap-3_comp_dir.png using Guid(4b3cfeda25b604f429cc716fcc252f50) Importer(815301076,1909f56bfc062723c751e8b465ee728b)  -> (artifact id: 'ba9de4c830fc998c0a31966a258e77f9') in 0.009645 seconds 
========================================================================
Received Import Request.
  Time since last request: 0.000191 seconds.
  path: Assets/Scenes/SinglePlayer Game/Lightmap-3_comp_shadowmask.png
  artifactKey: Guid(bf321b7dada13534e9101650f3e2636f) Importer(815301076,1909f56bfc062723c751e8b465ee728b)
Start importing Assets/Scenes/SinglePlayer Game/Lightmap-3_comp_shadowmask.png using Guid(bf321b7dada13534e9101650f3e2636f) Importer(815301076,1909f56bfc062723c751e8b465ee728b)  -> (artifact id: 'a53c6bc63d245d40ab8d347ba01b346d') in 0.030508 seconds 
========================================================================
Received Import Request.
  Time since last request: 0.000178 seconds.
  path: Assets/Scenes/SinglePlayer Game/Lightmap-2_comp_shadowmask.png
  artifactKey: Guid(5938f48890d3e414a8527af38c14d505) Importer(815301076,1909f56bfc062723c751e8b465ee728b)
Start importing Assets/Scenes/SinglePlayer Game/Lightmap-2_comp_shadowmask.png using Guid(5938f48890d3e414a8527af38c14d505) Importer(815301076,1909f56bfc062723c751e8b465ee728b)  -> (artifact id: 'be946f4c352c2c5039ef809d740b7b64') in 0.016264 seconds 
========================================================================
Received Import Request.
  Time since last request: 0.000129 seconds.
  path: Assets/Scenes/SinglePlayer Game/Lightmap-5_comp_light.exr
  artifactKey: Guid(88e80b26a9962ac4b9ce9a3ca1441dda) Importer(815301076,1909f56bfc062723c751e8b465ee728b)
Start importing Assets/Scenes/SinglePlayer Game/Lightmap-5_comp_light.exr using Guid(88e80b26a9962ac4b9ce9a3ca1441dda) Importer(815301076,1909f56bfc062723c751e8b465ee728b)  -> (artifact id: 'cfa1199e65eff39b7de7a47d62f664ad') in 0.009104 seconds 
========================================================================
Received Import Request.
  Time since last request: 0.000151 seconds.
  path: Assets/Scenes/SinglePlayer Game/Lightmap-1_comp_light.exr
  artifactKey: Guid(d4d45f8bc4c242542a035c1f676bc33e) Importer(815301076,1909f56bfc062723c751e8b465ee728b)
Start importing Assets/Scenes/SinglePlayer Game/Lightmap-1_comp_light.exr using Guid(d4d45f8bc4c242542a035c1f676bc33e) Importer(815301076,1909f56bfc062723c751e8b465ee728b)  -> (artifact id: 'cad7f4419575bfc0b40a714da79006d0') in 0.022910 seconds 
========================================================================
Received Import Request.
  Time since last request: 0.000164 seconds.
  path: Assets/Scenes/SinglePlayer Game/Lightmap-5_comp_shadowmask.png
  artifactKey: Guid(5b90a2a0064cb00428c756320a01d1dd) Importer(815301076,1909f56bfc062723c751e8b465ee728b)
Start importing Assets/Scenes/SinglePlayer Game/Lightmap-5_comp_shadowmask.png using Guid(5b90a2a0064cb00428c756320a01d1dd) Importer(815301076,1909f56bfc062723c751e8b465ee728b)  -> (artifact id: '56bafaa218064236818997369cf72fa8') in 0.018178 seconds 
========================================================================
Received Import Request.
  Time since last request: 0.000125 seconds.
  path: Assets/Scenes/SinglePlayer Game/OcclusionCullingData.asset
  artifactKey: Guid(fa01ab40e0dc04549aec57c48363660f) Importer(815301076,1909f56bfc062723c751e8b465ee728b)
Start importing Assets/Scenes/SinglePlayer Game/OcclusionCullingData.asset using Guid(fa01ab40e0dc04549aec57c48363660f) Importer(815301076,1909f56bfc062723c751e8b465ee728b)  -> (artifact id: 'e4ede2171dfb0424f1666ccf05238051') in 0.005087 seconds 
========================================================================
Received Import Request.
  Time since last request: 0.000153 seconds.
  path: Assets/Scenes/SinglePlayer Game/Lightmap-3_comp_light.exr
  artifactKey: Guid(963d0eec2a44db949a7f5e9d788abfd2) Importer(815301076,1909f56bfc062723c751e8b465ee728b)
Start importing Assets/Scenes/SinglePlayer Game/Lightmap-3_comp_light.exr using Guid(963d0eec2a44db949a7f5e9d788abfd2) Importer(815301076,1909f56bfc062723c751e8b465ee728b)  -> (artifact id: 'ffca11dc1ec20dccfc497a1c25ff4a6e') in 0.009337 seconds 
========================================================================
Received Import Request.
  Time since last request: 0.000124 seconds.
  path: Assets/Scenes/SinglePlayer Game/Lightmap-4_comp_shadowmask.png
  artifactKey: Guid(5dea4877bb2bab342a41aec279976812) Importer(815301076,1909f56bfc062723c751e8b465ee728b)
Start importing Assets/Scenes/SinglePlayer Game/Lightmap-4_comp_shadowmask.png using Guid(5dea4877bb2bab342a41aec279976812) Importer(815301076,1909f56bfc062723c751e8b465ee728b)  -> (artifact id: '56d7c534c3237f86f8465b23dc44e862') in 0.009888 seconds 
========================================================================
Received Import Request.
  Time since last request: 0.000163 seconds.
  path: Assets/Scenes/SinglePlayer Game/Lightmap-5_comp_dir.png
  artifactKey: Guid(dac07171ae090974a98bef370bc9f68e) Importer(815301076,1909f56bfc062723c751e8b465ee728b)
Start importing Assets/Scenes/SinglePlayer Game/Lightmap-5_comp_dir.png using Guid(dac07171ae090974a98bef370bc9f68e) Importer(815301076,1909f56bfc062723c751e8b465ee728b)  -> (artifact id: 'd57e128b5cd41558481682009b379014') in 0.017427 seconds 
========================================================================
Received Import Request.
  Time since last request: 0.000121 seconds.
  path: Assets/Scenes/SinglePlayer Game/Lightmap-4_comp_dir.png
  artifactKey: Guid(9305e53a0a01c4a4587256d1fea587dc) Importer(815301076,1909f56bfc062723c751e8b465ee728b)
Start importing Assets/Scenes/SinglePlayer Game/Lightmap-4_comp_dir.png using Guid(9305e53a0a01c4a4587256d1fea587dc) Importer(815301076,1909f56bfc062723c751e8b465ee728b)  -> (artifact id: '8099a2a83dd8e8cdf512c64d75495693') in 0.025664 seconds 
========================================================================
Received Import Request.
  Time since last request: 2.446464 seconds.
  path: Assets/Scenes/MultiPlayer Game.unity
  artifactKey: Guid(dfe61a796b3e54148a2a795de6a618d8) Importer(815301076,1909f56bfc062723c751e8b465ee728b)
Start importing Assets/Scenes/MultiPlayer Game.unity using Guid(dfe61a796b3e54148a2a795de6a618d8) Importer(815301076,1909f56bfc062723c751e8b465ee728b)  -> (artifact id: '975313a769d987b18b00bd4b76dbee06') in 0.005385 seconds 
========================================================================
Received Import Request.
  Time since last request: 0.470266 seconds.
  path: Assets/Scenes/LoginMenu.unity
  artifactKey: Guid(9727fcaa2b8ff8c4b8708139b54911e0) Importer(815301076,1909f56bfc062723c751e8b465ee728b)
Start importing Assets/Scenes/LoginMenu.unity using Guid(9727fcaa2b8ff8c4b8708139b54911e0) Importer(815301076,1909f56bfc062723c751e8b465ee728b)  -> (artifact id: 'be1e5b779c525189bab76e0cfe469183') in 0.004315 seconds 
========================================================================
Received Import Request.
  Time since last request: 0.435189 seconds.
  path: Assets/Scenes/LeaderBoard.unity
  artifactKey: Guid(ae52527db3741f946b6caca832ae0aee) Importer(815301076,1909f56bfc062723c751e8b465ee728b)
Start importing Assets/Scenes/LeaderBoard.unity using Guid(ae52527db3741f946b6caca832ae0aee) Importer(815301076,1909f56bfc062723c751e8b465ee728b)  -> (artifact id: '5f75f97ac651de92496e99c0a539b58d') in 0.004181 seconds 
========================================================================
Received Import Request.
  Time since last request: 0.543113 seconds.
  path: Assets/Scenes/Game Over (SinglePlayer).unity
  artifactKey: Guid(b0a1e68702be10d40a02ca1f916303dc) Importer(815301076,1909f56bfc062723c751e8b465ee728b)
Start importing Assets/Scenes/Game Over (SinglePlayer).unity using Guid(b0a1e68702be10d40a02ca1f916303dc) Importer(815301076,1909f56bfc062723c751e8b465ee728b)  -> (artifact id: 'cbf5e79f9870c05be6506f0cc53f8e17') in 0.005441 seconds 
========================================================================
Received Import Request.
  Time since last request: 2.045212 seconds.
  path: Assets/Scenes/Multiplayer Main Menu.unity
  artifactKey: Guid(97674970e2bd67949b68462ad33d6c26) Importer(815301076,1909f56bfc062723c751e8b465ee728b)
Start importing Assets/Scenes/Multiplayer Main Menu.unity using Guid(97674970e2bd67949b68462ad33d6c26) Importer(815301076,1909f56bfc062723c751e8b465ee728b)  -> (artifact id: '519d549235eb8ebbb28621f8d664555b') in 0.004454 seconds 
========================================================================
Received Prepare
Registering precompiled user dll's ...
Registered in 0.002442 seconds.
Begin MonoManager ReloadAssembly
Native extension for WindowsStandalone target not found
Refreshing native plugins compatible for Editor in 0.71 ms, found 2 plugins.
Preloading 0 native plugins for Editor in 0.00 ms.
Mono: successfully reloaded assembly
- Completed reload, in  0.907 seconds
Domain Reload Profiling:
	ReloadAssembly (908ms)
		BeginReloadAssembly (121ms)
			ExecutionOrderSort (0ms)
			DisableScriptedObjects (5ms)
			BackupInstance (0ms)
			ReleaseScriptingObjects (0ms)
			CreateAndSetChildDomain (40ms)
		EndReloadAssembly (740ms)
			LoadAssemblies (85ms)
			RebuildTransferFunctionScriptingTraits (0ms)
			SetupTypeCache (224ms)
			ReleaseScriptCaches (1ms)
			RebuildScriptCaches (38ms)
			SetupLoadedEditorAssemblies (330ms)
				LogAssemblyErrors (0ms)
				InitializePlatformSupportModulesInManaged (4ms)
				SetLoadedEditorAssemblies (0ms)
				RefreshPlugins (1ms)
				BeforeProcessingInitializeOnLoad (80ms)
				ProcessInitializeOnLoadAttributes (180ms)
				ProcessInitializeOnLoadMethodAttributes (59ms)
				AfterProcessingInitializeOnLoad (5ms)
				EditorAssembliesLoaded (0ms)
			ExecutionOrderSort2 (0ms)
			AwakeInstancesAfterBackupRestoration (2ms)
Platform modules already initialized, skipping
Refreshing native plugins compatible for Editor in 0.79 ms, found 2 plugins.
Preloading 0 native plugins for Editor in 0.00 ms.
Unloading 2726 Unused Serialized files (Serialized files now loaded: 0)
System memory in use before: 111.7 MB.
System memory in use after: 111.9 MB.

Unloading 51 unused Assets to reduce memory usage. Loaded Objects now: 3189.
Total: 5.305300 ms (FindLiveObjects: 0.230000 ms CreateObjectMapping: 0.153800 ms MarkObjects: 4.897300 ms  DeleteObjects: 0.023500 ms)

AssetImportParameters requested are different than current active one (requested -> active):
  custom:framework-win-MediaFoundation: 216162199b28c13a410421893ffa2e32 -> 
  custom:video-decoder-ogg-theora: a1e56fd34408186e4bbccfd4996cb3dc -> 
  custom:container-muxer-webm: aa71ff27fc2769a1b78a27578f13a17b -> 
  custom:container-demuxer-webm: 4f35f7cbe854078d1ac9338744f61a02 -> 
  custom:container-demuxer-ogg: 62fdf1f143b41e24485cea50d1cbac27 -> 
  custom:video-encoder-webm-vp8: eb34c28f22e8b96e1ab97ce403110664 -> 
  custom:video-decoder-webm-vp8: 9c59270c3fd7afecdb556c50c9e8de78 -> 
  custom:audio-decoder-ogg-vorbis: bf7c407c2cedff20999df2af8eb42d56 -> 
  custom:audio-encoder-webm-vorbis: bf7c407c2cedff20999df2af8eb42d56 -> 
========================================================================
Received Import Request.
  Time since last request: 9.059480 seconds.
  path: Assets/Scenes/RegisterMenu.unity
  artifactKey: Guid(623c9a0dd0a3e9644ac1274a4dc47627) Importer(815301076,1909f56bfc062723c751e8b465ee728b)
Start importing Assets/Scenes/RegisterMenu.unity using Guid(623c9a0dd0a3e9644ac1274a4dc47627) Importer(815301076,1909f56bfc062723c751e8b465ee728b)  -> (artifact id: 'b45a920238e49a6dcfa733286a30c728') in 0.007561 seconds 
========================================================================
Received Import Request.
  Time since last request: 0.534754 seconds.
  path: Assets/Scenes/SinglePlayer Game.unity
  artifactKey: Guid(41e3d6f349a3aef4e8ea41acb21ea597) Importer(815301076,1909f56bfc062723c751e8b465ee728b)
Start importing Assets/Scenes/SinglePlayer Game.unity using Guid(41e3d6f349a3aef4e8ea41acb21ea597) Importer(815301076,1909f56bfc062723c751e8b465ee728b)  -> (artifact id: '6922467db133432de993a9361b280983') in 0.004384 seconds 
========================================================================
Received Import Request.
  Time since last request: 0.494809 seconds.
  path: Assets/Scenes/Singleplayer Main Menu.unity
  artifactKey: Guid(4ca23f7857fe6154e987fb4051cf3ae4) Importer(815301076,1909f56bfc062723c751e8b465ee728b)
Start importing Assets/Scenes/Singleplayer Main Menu.unity using Guid(4ca23f7857fe6154e987fb4051cf3ae4) Importer(815301076,1909f56bfc062723c751e8b465ee728b)  -> (artifact id: 'd4bb5f45dd4937aeeb86baa3abaccfeb') in 0.004402 seconds 
========================================================================
Received Prepare
Registering precompiled user dll's ...
Registered in 0.002968 seconds.
Begin MonoManager ReloadAssembly
Native extension for WindowsStandalone target not found
Refreshing native plugins compatible for Editor in 2.70 ms, found 2 plugins.
Preloading 0 native plugins for Editor in 0.00 ms.
Mono: successfully reloaded assembly
- Completed reload, in  1.478 seconds
Domain Reload Profiling:
	ReloadAssembly (1479ms)
		BeginReloadAssembly (205ms)
			ExecutionOrderSort (0ms)
			DisableScriptedObjects (8ms)
			BackupInstance (0ms)
			ReleaseScriptingObjects (0ms)
			CreateAndSetChildDomain (79ms)
		EndReloadAssembly (1201ms)
			LoadAssemblies (141ms)
			RebuildTransferFunctionScriptingTraits (0ms)
			SetupTypeCache (388ms)
			ReleaseScriptCaches (2ms)
			RebuildScriptCaches (82ms)
			SetupLoadedEditorAssemblies (480ms)
				LogAssemblyErrors (0ms)
				InitializePlatformSupportModulesInManaged (10ms)
				SetLoadedEditorAssemblies (1ms)
				RefreshPlugins (3ms)
				BeforeProcessingInitializeOnLoad (121ms)
				ProcessInitializeOnLoadAttributes (260ms)
				ProcessInitializeOnLoadMethodAttributes (78ms)
				AfterProcessingInitializeOnLoad (5ms)
				EditorAssembliesLoaded (1ms)
			ExecutionOrderSort2 (0ms)
			AwakeInstancesAfterBackupRestoration (2ms)
Platform modules already initialized, skipping
Refreshing native plugins compatible for Editor in 1.26 ms, found 2 plugins.
Preloading 0 native plugins for Editor in 0.00 ms.
Unloading 2726 Unused Serialized files (Serialized files now loaded: 0)
System memory in use before: 111.7 MB.
System memory in use after: 111.9 MB.

Unloading 51 unused Assets to reduce memory usage. Loaded Objects now: 3192.
Total: 6.257400 ms (FindLiveObjects: 0.332800 ms CreateObjectMapping: 0.169000 ms MarkObjects: 5.702700 ms  DeleteObjects: 0.051200 ms)

AssetImportParameters requested are different than current active one (requested -> active):
  custom:framework-win-MediaFoundation: 216162199b28c13a410421893ffa2e32 -> 
  custom:video-decoder-ogg-theora: a1e56fd34408186e4bbccfd4996cb3dc -> 
  custom:container-muxer-webm: aa71ff27fc2769a1b78a27578f13a17b -> 
  custom:container-demuxer-webm: 4f35f7cbe854078d1ac9338744f61a02 -> 
  custom:container-demuxer-ogg: 62fdf1f143b41e24485cea50d1cbac27 -> 
  custom:video-encoder-webm-vp8: eb34c28f22e8b96e1ab97ce403110664 -> 
  custom:video-decoder-webm-vp8: 9c59270c3fd7afecdb556c50c9e8de78 -> 
  custom:audio-decoder-ogg-vorbis: bf7c407c2cedff20999df2af8eb42d56 -> 
  custom:audio-encoder-webm-vorbis: bf7c407c2cedff20999df2af8eb42d56 -> 
========================================================================
Received Import Request.
  Time since last request: 236.288340 seconds.
  path: Assets/Scripts/ScriptableObjects/ScoreObj.cs
  artifactKey: Guid(12810d3433b71c542b71a3751023eda9) Importer(815301076,1909f56bfc062723c751e8b465ee728b)
Start importing Assets/Scripts/ScriptableObjects/ScoreObj.cs using Guid(12810d3433b71c542b71a3751023eda9) Importer(815301076,1909f56bfc062723c751e8b465ee728b)  -> (artifact id: '0d72372e2190a8c50bd833f515cfa13a') in 0.011597 seconds 
========================================================================
Received Import Request.
  Time since last request: 1.850984 seconds.
  path: Assets/Scripts/ScriptableObjects/UsernameObj.cs
  artifactKey: Guid(be596d0807ff38a449c0937f5813978e) Importer(815301076,1909f56bfc062723c751e8b465ee728b)
Start importing Assets/Scripts/ScriptableObjects/UsernameObj.cs using Guid(be596d0807ff38a449c0937f5813978e) Importer(815301076,1909f56bfc062723c751e8b465ee728b)  -> (artifact id: '8ca58af0fa1b9e67823b875a3ba40aeb') in 0.007061 seconds 
========================================================================
Received Import Request.
  Time since last request: 4.683537 seconds.
  path: Assets/Scripts/Main Game/Registration.cs
  artifactKey: Guid(0ab4913defeb52d46ae25b4cae5e1cb9) Importer(815301076,1909f56bfc062723c751e8b465ee728b)
Start importing Assets/Scripts/Main Game/Registration.cs using Guid(0ab4913defeb52d46ae25b4cae5e1cb9) Importer(815301076,1909f56bfc062723c751e8b465ee728b)  -> (artifact id: 'bcdb32027a12aeae3134e97c967a97c3') in 0.005373 seconds 
========================================================================
Received Import Request.
  Time since last request: 0.341972 seconds.
  path: Assets/Scripts/Main Game/ScoreSystem.cs
  artifactKey: Guid(c60b9197f279d494a917aebe8d489daa) Importer(815301076,1909f56bfc062723c751e8b465ee728b)
Start importing Assets/Scripts/Main Game/ScoreSystem.cs using Guid(c60b9197f279d494a917aebe8d489daa) Importer(815301076,1909f56bfc062723c751e8b465ee728b)  -> (artifact id: 'ad80b4597144cb47f1350d1d167e92c1') in 0.004346 seconds 
========================================================================
Received Import Request.
  Time since last request: 0.419336 seconds.
  path: Assets/Scripts/Main Game/TimerCountdown.cs
  artifactKey: Guid(ad58c08277aa0fc4493385974567ab9d) Importer(815301076,1909f56bfc062723c751e8b465ee728b)
Start importing Assets/Scripts/Main Game/TimerCountdown.cs using Guid(ad58c08277aa0fc4493385974567ab9d) Importer(815301076,1909f56bfc062723c751e8b465ee728b)  -> (artifact id: '8103c5974ab9979cd90fa322a02aa4c6') in 0.006164 seconds 
========================================================================
Received Import Request.
  Time since last request: 0.627949 seconds.
  path: Assets/Scripts/Main Game/UserInfo.cs
  artifactKey: Guid(d484d087716dcc24195ea771294db7f3) Importer(815301076,1909f56bfc062723c751e8b465ee728b)
Start importing Assets/Scripts/Main Game/UserInfo.cs using Guid(d484d087716dcc24195ea771294db7f3) Importer(815301076,1909f56bfc062723c751e8b465ee728b)  -> (artifact id: 'bb86d4a148e7290143589018132004cb') in 0.006329 seconds 
========================================================================
Received Import Request.
  Time since last request: 1062.325362 seconds.
  path: Assets/Resources/Materials
  artifactKey: Guid(6ff123359a080ed4c95779a66a2aa86f) Importer(815301076,1909f56bfc062723c751e8b465ee728b)
Start importing Assets/Resources/Materials using Guid(6ff123359a080ed4c95779a66a2aa86f) Importer(815301076,1909f56bfc062723c751e8b465ee728b)  -> (artifact id: '239ed39b87bc713f43eae1ba23f317ca') in 0.105799 seconds 
========================================================================
Received Import Request.
  Time since last request: 0.359153 seconds.
  path: Assets/Resources/PhotonPrefabs
  artifactKey: Guid(b6315a511f57f39498d4be43549bc5b0) Importer(815301076,1909f56bfc062723c751e8b465ee728b)
Start importing Assets/Resources/PhotonPrefabs using Guid(b6315a511f57f39498d4be43549bc5b0) Importer(815301076,1909f56bfc062723c751e8b465ee728b)  -> (artifact id: 'a823f9eab58c77b087ebbfc69fa65a52') in 0.004411 seconds 
========================================================================
Received Import Request.
  Time since last request: 2.104796 seconds.
  path: Assets/Resources
  artifactKey: Guid(c861af30a2f202c468ab102f9cc7a159) Importer(815301076,1909f56bfc062723c751e8b465ee728b)
Start importing Assets/Resources using Guid(c861af30a2f202c468ab102f9cc7a159) Importer(815301076,1909f56bfc062723c751e8b465ee728b)  -> (artifact id: 'fd0b96466e5d86c605bc100cfa9f44aa') in 0.004447 seconds 
========================================================================
Received Import Request.
  Time since last request: 3351.638488 seconds.
  path: Assets/Resources/MainMenu
  artifactKey: Guid(503194aa9c7e01048b3cb4b3da7054e3) Importer(815301076,1909f56bfc062723c751e8b465ee728b)
Start importing Assets/Resources/MainMenu using Guid(503194aa9c7e01048b3cb4b3da7054e3) Importer(815301076,1909f56bfc062723c751e8b465ee728b)  -> (artifact id: 'be8ffd212ccf986ba54f16c11dcae7e4') in 0.006308 seconds 
========================================================================
Received Import Request.
  Time since last request: 9.868526 seconds.
  path: Assets/Resources/MainMenu/MonsterMuncherLogo.png
  artifactKey: Guid(e85cfd02ea567194db8f31765c61ea38) Importer(815301076,1909f56bfc062723c751e8b465ee728b)
Start importing Assets/Resources/MainMenu/MonsterMuncherLogo.png using Guid(e85cfd02ea567194db8f31765c61ea38) Importer(815301076,1909f56bfc062723c751e8b465ee728b)  -> (artifact id: 'e8fb2a72c392c44f5170c579e275c4e0') in 0.038176 seconds 
========================================================================
Received Import Request.
  Time since last request: 0.000239 seconds.
  path: Assets/Resources/MainMenu/MonsterMuncherMainMenu.png
  artifactKey: Guid(6b818cf0796da42419a22b847c93cb15) Importer(815301076,1909f56bfc062723c751e8b465ee728b)
Start importing Assets/Resources/MainMenu/MonsterMuncherMainMenu.png using Guid(6b818cf0796da42419a22b847c93cb15) Importer(815301076,1909f56bfc062723c751e8b465ee728b)  -> (artifact id: 'df6151221facb91137c8c0db97cca63a') in 0.007914 seconds 
========================================================================
Received Import Request.
  Time since last request: 13.779183 seconds.
  path: Assets/Resources/MainMenu/MonsterMuncherLogo.png
  artifactKey: Guid(e85cfd02ea567194db8f31765c61ea38) Importer(815301076,1909f56bfc062723c751e8b465ee728b)
Start importing Assets/Resources/MainMenu/MonsterMuncherLogo.png using Guid(e85cfd02ea567194db8f31765c61ea38) Importer(815301076,1909f56bfc062723c751e8b465ee728b)  -> (artifact id: '5eac576b3b7e406c6fd672db71c24780') in 0.020047 seconds 
========================================================================
Received Import Request.
  Time since last request: 9.017246 seconds.
  path: Assets/Resources/MainMenu/MonsterMuncherLogo.png
  artifactKey: Guid(e85cfd02ea567194db8f31765c61ea38) Importer(815301076,1909f56bfc062723c751e8b465ee728b)
Start importing Assets/Resources/MainMenu/MonsterMuncherLogo.png using Guid(e85cfd02ea567194db8f31765c61ea38) Importer(815301076,1909f56bfc062723c751e8b465ee728b)  -> (artifact id: 'c92cdf037bb9a85759aa87d443175008') in 0.027045 seconds 
========================================================================
Received Import Request.
  Time since last request: 7.973347 seconds.
  path: Assets/Resources/MainMenu/MonsterMuncherMainMenu.png
  artifactKey: Guid(6b818cf0796da42419a22b847c93cb15) Importer(815301076,1909f56bfc062723c751e8b465ee728b)
Start importing Assets/Resources/MainMenu/MonsterMuncherMainMenu.png using Guid(6b818cf0796da42419a22b847c93cb15) Importer(815301076,1909f56bfc062723c751e8b465ee728b)  -> (artifact id: '4b0b5696e29c693286d90b0724b6a054') in 0.023615 seconds 
AssetImportWorkerClient::OnTransportError - code=2 error=End of file
